TN:
SF:src\application\factories\Car\ListCars\IListCarsFactoryInMemory.ts
FN:5,<instance_members_initializer>
FN:6,IListCarsFactoryInMemory
FN:9,build
FNF:3
FNH:3
FNDA:2,<instance_members_initializer>
FNDA:2,IListCarsFactoryInMemory
FNDA:2,build
DA:1,1
DA:2,1
DA:3,1
DA:4,1
DA:5,1
DA:6,2
DA:7,2
DA:8,2
DA:9,2
DA:10,2
DA:11,2
DA:12,2
DA:13,2
LF:13
LH:13
BRDA:5,0,0,2
BRDA:6,1,0,2
BRDA:9,2,0,2
BRF:3
BRH:3
end_of_record
TN:
SF:src\application\factories\Car\SaveCar\ISaveCarFactoryInMemory.ts
FN:6,<instance_members_initializer>
FN:7,ISaveCarFactoryInMemory
FN:10,build
FNF:3
FNH:3
FNDA:2,<instance_members_initializer>
FNDA:2,ISaveCarFactoryInMemory
FNDA:2,build
DA:1,1
DA:2,1
DA:3,1
DA:4,1
DA:5,1
DA:6,1
DA:7,2
DA:8,2
DA:9,2
DA:10,2
DA:11,2
DA:12,2
DA:13,2
DA:14,2
LF:14
LH:14
BRDA:6,0,0,2
BRDA:7,1,0,2
BRDA:10,2,0,2
BRF:3
BRH:3
end_of_record
TN:
SF:src\application\factories\Car\SelectCar\ISelectCarFactoryInMemory.ts
FN:5,<instance_members_initializer>
FN:6,ISelectCarFactoryInMemory
FN:10,build
FNF:3
FNH:3
FNDA:2,<instance_members_initializer>
FNDA:2,ISelectCarFactoryInMemory
FNDA:2,build
DA:1,1
DA:2,1
DA:3,1
DA:4,1
DA:5,1
DA:6,2
DA:7,2
DA:8,2
DA:9,2
DA:10,2
DA:11,2
DA:12,2
DA:13,2
DA:14,2
LF:14
LH:14
BRDA:5,0,0,2
BRDA:6,1,0,2
BRDA:10,2,0,2
BRF:3
BRH:3
end_of_record
TN:
SF:src\application\useCases\Car\ListCars\IListCarsDTO.ts
FNF:0
FNH:0
DA:1,1
DA:2,1
DA:3,1
DA:4,1
DA:5,1
DA:6,1
DA:7,1
DA:8,1
DA:9,1
DA:10,1
DA:11,1
DA:12,1
DA:13,1
LF:13
LH:13
BRF:0
BRH:0
end_of_record
TN:
SF:src\application\useCases\Car\ListCars\IListCarsUseCase.ts
FN:5,<instance_members_initializer>
FN:6,IListCarsUseCase
FN:10,execute
FNF:3
FNH:3
FNDA:2,<instance_members_initializer>
FNDA:2,IListCarsUseCase
FNDA:2,execute
DA:1,1
DA:2,1
DA:3,1
DA:4,1
DA:5,1
DA:6,2
DA:7,2
DA:8,2
DA:9,2
DA:10,2
DA:11,2
DA:12,2
DA:13,2
DA:14,2
DA:15,2
DA:16,2
DA:17,2
DA:18,2
DA:19,2
DA:20,1
DA:21,1
DA:22,1
DA:23,1
DA:24,1
DA:25,2
LF:25
LH:25
BRDA:5,0,0,2
BRDA:6,1,0,2
BRDA:10,2,0,2
BRDA:19,3,0,1
BRF:4
BRH:4
end_of_record
TN:
SF:src\application\useCases\Car\SaveCar\ISaveCarDTO.ts
FNF:0
FNH:0
DA:1,1
DA:2,1
DA:3,1
DA:4,1
DA:5,1
DA:6,1
DA:7,1
DA:8,1
DA:9,1
DA:10,1
DA:11,1
LF:11
LH:11
BRF:0
BRH:0
end_of_record
TN:
SF:src\application\useCases\Car\SaveCar\ISaveCarUseCase.ts
FN:6,<instance_members_initializer>
FN:7,ISaveCarUseCase
FN:12,execute
FNF:3
FNH:3
FNDA:2,<instance_members_initializer>
FNDA:2,ISaveCarUseCase
FNDA:2,execute
DA:1,1
DA:2,1
DA:3,1
DA:4,1
DA:5,1
DA:6,1
DA:7,2
DA:8,2
DA:9,2
DA:10,2
DA:11,2
DA:12,2
DA:13,2
DA:14,2
DA:15,2
DA:16,2
DA:17,2
DA:18,2
DA:19,2
DA:20,2
DA:21,2
DA:22,2
DA:23,1
DA:24,1
DA:25,1
DA:26,1
DA:27,1
DA:28,1
DA:29,1
DA:30,1
DA:31,1
DA:32,1
DA:33,1
DA:34,1
DA:35,2
LF:35
LH:35
BRDA:6,0,0,2
BRDA:7,1,0,2
BRDA:12,2,0,2
BRDA:22,3,0,1
BRF:4
BRH:4
end_of_record
TN:
SF:src\application\useCases\Car\SelectCar\ISelectCarDTO.ts
FNF:0
FNH:0
DA:1,1
DA:2,1
DA:3,1
DA:4,1
DA:5,1
DA:6,1
DA:7,1
DA:8,1
DA:9,1
DA:10,1
LF:10
LH:10
BRF:0
BRH:0
end_of_record
TN:
SF:src\application\useCases\Car\SelectCar\ISelectCarUseCase.ts
FN:5,<instance_members_initializer>
FN:6,ISelectCarUseCase
FN:10,execute
FNF:3
FNH:3
FNDA:2,<instance_members_initializer>
FNDA:2,ISelectCarUseCase
FNDA:2,execute
DA:1,1
DA:2,1
DA:3,1
DA:4,1
DA:5,1
DA:6,2
DA:7,2
DA:8,2
DA:9,2
DA:10,2
DA:11,2
DA:12,2
DA:13,2
DA:14,2
DA:15,2
DA:16,2
DA:17,2
DA:18,1
DA:19,1
DA:20,1
DA:21,1
DA:22,1
DA:23,2
LF:23
LH:23
BRDA:5,0,0,2
BRDA:6,1,0,2
BRDA:10,2,0,2
BRDA:17,3,0,1
BRF:4
BRH:4
end_of_record
TN:
SF:src\infra\repositories\InMemoryCarRepository.ts
FN:6,<instance_members_initializer>
FN:7,InMemoryCarRepository
FN:11,save
FN:25,view
FN:38,list
FN:53,select
FNF:6
FNH:6
FNDA:6,<instance_members_initializer>
FNDA:6,InMemoryCarRepository
FNDA:1,save
FNDA:2,view
FNDA:2,list
FNDA:2,select
DA:1,1
DA:2,1
DA:3,1
DA:4,1
DA:5,1
DA:6,1
DA:7,6
DA:8,6
DA:9,6
DA:10,6
DA:11,6
DA:12,1
DA:13,1
DA:14,1
DA:15,1
DA:16,1
DA:17,1
DA:18,1
DA:19,1
DA:20,1
DA:21,1
DA:22,1
DA:23,1
DA:24,6
DA:25,6
DA:26,2
DA:27,2
DA:28,2
DA:29,2
DA:30,1
DA:31,2
DA:32,2
DA:33,2
DA:34,1
DA:35,1
DA:36,1
DA:37,6
DA:38,6
DA:39,2
DA:40,2
DA:41,2
DA:42,2
DA:43,2
DA:44,1
DA:45,1
DA:46,2
DA:47,2
DA:48,2
DA:49,1
DA:50,1
DA:51,1
DA:52,6
DA:53,6
DA:54,2
DA:55,2
DA:56,2
DA:57,2
DA:58,2
DA:59,1
DA:60,1
DA:61,1
DA:62,6
LF:62
LH:62
BRDA:6,0,0,6
BRDA:7,1,0,6
BRDA:11,2,0,1
BRDA:25,3,0,2
BRDA:33,4,0,1
BRDA:29,5,0,1
BRDA:38,6,0,2
BRDA:43,7,0,1
BRDA:48,8,0,1
BRDA:53,9,0,2
BRDA:58,10,0,1
BRDA:56,11,0,1
BRF:12
BRH:12
end_of_record
TN:
SF:src\infra\services\CryptoIdService.ts
FN:5,v4
FNF:1
FNH:1
FNDA:1,v4
DA:1,1
DA:2,1
DA:3,1
DA:4,1
DA:5,1
DA:6,1
DA:7,1
DA:8,1
DA:9,1
DA:10,1
DA:11,1
DA:12,1
LF:12
LH:12
BRDA:5,0,0,1
BRF:1
BRH:1
end_of_record
